<?xml version="1.0" encoding="UTF-8"?>
<testng-results skipped="0" failed="0" ignored="0" total="1" passed="1">
  <reporter-output>
  </reporter-output>
  <suite name="BridgeStone Regression Suite" duration-ms="644818" started-at="2021-11-06T07:41:35Z" finished-at="2021-11-06T07:52:20Z">
    <groups>
    </groups>
    <test name="homePage tire1" duration-ms="644818" started-at="2021-11-06T07:41:35Z" finished-at="2021-11-06T07:52:20Z">
      <class name="com.tireproject.tests.test">
        <test-method status="PASS" signature="setUp(java.lang.String)[pri:0, instance:com.tireproject.tests.test@64bf3bbf]" name="setUp" is-config="true" duration-ms="3459" started-at="2021-11-06T07:41:35Z" finished-at="2021-11-06T07:41:39Z">
          <params>
            <param index="0">
              <value>
                <![CDATA[chrome]]>
              </value>
            </param>
          </params>
          <reporter-output>
          </reporter-output>
        </test-method> <!-- setUp -->
        <test-method status="PASS" signature="getSizeResult_test()[pri:0, instance:com.tireproject.tests.test@64bf3bbf]" name="getSizeResult_test" duration-ms="641200" started-at="2021-11-06T07:41:39Z" finished-at="2021-11-06T07:52:20Z">
          <reporter-output>
          </reporter-output>
        </test-method> <!-- getSizeResult_test -->
        <test-method status="PASS" signature="tearDown()[pri:0, instance:com.tireproject.tests.test@64bf3bbf]" name="tearDown" is-config="true" duration-ms="147" started-at="2021-11-06T07:52:20Z" finished-at="2021-11-06T07:52:20Z">
          <reporter-output>
          </reporter-output>
        </test-method> <!-- tearDown -->
      </class> <!-- com.tireproject.tests.test -->
    </test> <!-- homePage tire1 -->
  </suite> <!-- BridgeStone Regression Suite -->
</testng-results>
